<?xml version="1.0" encoding="UTF-8"?>
<testng-results ignored="0" total="1" passed="1" failed="0" skipped="0">
  <reporter-output>
  </reporter-output>
  <suite started-at="2023-11-08T19:14:36 IST" name="Default suite" finished-at="2023-11-08T19:15:46 IST" duration-ms="70333">
    <groups>
    </groups>
    <test started-at="2023-11-08T19:14:36 IST" name="Default test" finished-at="2023-11-08T19:15:46 IST" duration-ms="70333">
      <class name="Test.LumaRegtest">
        <test-method is-config="true" signature="setUp()[pri:0, instance:Test.LumaRegtest@d9345cd]" started-at="2023-11-08T19:14:36 IST" name="setUp" finished-at="2023-11-08T19:14:45 IST" duration-ms="8907" status="PASS">
          <reporter-output>
          </reporter-output>
        </test-method> <!-- setUp -->
        <test-method signature="test()[pri:0, instance:Test.LumaRegtest@d9345cd]" started-at="2023-11-08T19:14:45 IST" name="test" finished-at="2023-11-08T19:15:46 IST" duration-ms="61374" status="PASS">
          <reporter-output>
          </reporter-output>
        </test-method> <!-- test -->
      </class> <!-- Test.LumaRegtest -->
    </test> <!-- Default test -->
  </suite> <!-- Default suite -->
</testng-results>
